# JRE version: OpenJDK Runtime Environment Temurin-17.0.13+11 (17.0.13+11) (build 17.0.13+11)
# Java VM: OpenJDK 64-Bit Server VM Temurin-17.0.13+11 (17.0.13+11, mixed mode, tiered, compressed oops, compressed class ptrs, parallel gc, windows-amd64)
GC Precious Log:
 CPUs: 8 total, 8 available
 Memory: 7883M
 Large Page Support: Disabled
 NUMA Support: Disabled
 Compressed Oops: Enabled (32-bit)
 Alignments: Space 512K, Generation 512K, Heap 2M
 Heap Min Capacity: 100M
 Heap Initial Capacity: 100M
 Heap Max Capacity: 1G
 Pre-touch: Disabled
 Parallel Workers: 8
Heap:
 PSYoungGen      total 17408K, used 5274K [0x00000000eab00000, 0x00000000ec180000, 0x0000000100000000)
  eden space 12800K, 5% used [0x00000000eab00000,0x00000000eaba6a30,0x00000000eb780000)
  from space 4608K, 99% used [0x00000000eb880000,0x00000000ebcfffb8,0x00000000ebd00000)
  to   space 3584K, 0% used [0x00000000ebe00000,0x00000000ebe00000,0x00000000ec180000)
 ParOldGen       total 93696K, used 84071K [0x00000000c0000000, 0x00000000c5b80000, 0x00000000eab00000)
  object space 93696K, 89% used [0x00000000c0000000,0x00000000c5219e90,0x00000000c5b80000)
 Metaspace       used 71745K, committed 72896K, reserved 1114112K
  class space    used 7621K, committed 8128K, reserved 1048576K
GC Heap History (20 events):
Event: 21.371 GC heap before
{Heap before GC invocations=42 (full 4):
 PSYoungGen      total 20480K, used 19981K [0x00000000eab00000, 0x00000000ec200000, 0x0000000100000000)
  eden space 17408K, 100% used [0x00000000eab00000,0x00000000ebc00000,0x00000000ebc00000)
  from space 3072K, 83% used [0x00000000ebf00000,0x00000000ec183700,0x00000000ec200000)
  to   space 3072K, 0% used [0x00000000ebc00000,0x00000000ebc00000,0x00000000ebf00000)
 ParOldGen       total 68608K, used 67607K [0x00000000c0000000, 0x00000000c4300000, 0x00000000eab00000)
  object space 68608K, 98% used [0x00000000c0000000,0x00000000c4205cf0,0x00000000c4300000)
 Metaspace       used 66551K, committed 67584K, reserved 1114112K
  class space    used 7042K, committed 7488K, reserved 1048576K
}
Event: 21.442 GC heap after
{Heap after GC invocations=42 (full 4):
 PSYoungGen      total 20480K, used 0K [0x00000000eab00000, 0x00000000ec200000, 0x0000000100000000)
  eden space 17408K, 0% used [0x00000000eab00000,0x00000000eab00000,0x00000000ebc00000)
  from space 3072K, 0% used [0x00000000ebc00000,0x00000000ebc00000,0x00000000ebf00000)
  to   space 3072K, 0% used [0x00000000ebf00000,0x00000000ebf00000,0x00000000ec200000)
 ParOldGen       total 93696K, used 65722K [0x00000000c0000000, 0x00000000c5b80000, 0x00000000eab00000)
  object space 93696K, 70% used [0x00000000c0000000,0x00000000c402eaf8,0x00000000c5b80000)
 Metaspace       used 66551K, committed 67584K, reserved 1114112K
  class space    used 7042K, committed 7488K, reserved 1048576K
}
Event: 21.558 GC heap before
{Heap before GC invocations=43 (full 4):
 PSYoungGen      total 20480K, used 17408K [0x00000000eab00000, 0x00000000ec200000, 0x0000000100000000)
  eden space 17408K, 100% used [0x00000000eab00000,0x00000000ebc00000,0x00000000ebc00000)
  from space 3072K, 0% used [0x00000000ebc00000,0x00000000ebc00000,0x00000000ebf00000)
  to   space 3072K, 0% used [0x00000000ebf00000,0x00000000ebf00000,0x00000000ec200000)
 ParOldGen       total 93696K, used 65722K [0x00000000c0000000, 0x00000000c5b80000, 0x00000000eab00000)
  object space 93696K, 70% used [0x00000000c0000000,0x00000000c402eaf8,0x00000000c5b80000)
 Metaspace       used 66984K, committed 68096K, reserved 1114112K
  class space    used 7088K, committed 7552K, reserved 1048576K
}
Event: 21.562 GC heap after
{Heap after GC invocations=43 (full 4):
 PSYoungGen      total 19968K, used 2212K [0x00000000eab00000, 0x00000000ec180000, 0x0000000100000000)
  eden space 17408K, 0% used [0x00000000eab00000,0x00000000eab00000,0x00000000ebc00000)
  from space 2560K, 86% used [0x00000000ebf00000,0x00000000ec129010,0x00000000ec180000)
  to   space 2560K, 0% used [0x00000000ebc80000,0x00000000ebc80000,0x00000000ebf00000)
 ParOldGen       total 93696K, used 65730K [0x00000000c0000000, 0x00000000c5b80000, 0x00000000eab00000)
  object space 93696K, 70% used [0x00000000c0000000,0x00000000c4030af8,0x00000000c5b80000)
 Metaspace       used 66984K, committed 68096K, reserved 1114112K
  class space    used 7088K, committed 7552K, reserved 1048576K
}
Event: 21.658 GC heap before
{Heap before GC invocations=44 (full 4):
 PSYoungGen      total 19968K, used 19620K [0x00000000eab00000, 0x00000000ec180000, 0x0000000100000000)
  eden space 17408K, 100% used [0x00000000eab00000,0x00000000ebc00000,0x00000000ebc00000)
  from space 2560K, 86% used [0x00000000ebf00000,0x00000000ec129010,0x00000000ec180000)
  to   space 2560K, 0% used [0x00000000ebc80000,0x00000000ebc80000,0x00000000ebf00000)
 ParOldGen       total 93696K, used 65730K [0x00000000c0000000, 0x00000000c5b80000, 0x00000000eab00000)
  object space 93696K, 70% used [0x00000000c0000000,0x00000000c4030af8,0x00000000c5b80000)
 Metaspace       used 67237K, committed 68288K, reserved 1114112K
  class space    used 7124K, committed 7552K, reserved 1048576K
}
Event: 21.662 GC heap after
{Heap after GC invocations=44 (full 4):
 PSYoungGen      total 19968K, used 2532K [0x00000000eab00000, 0x00000000ec400000, 0x0000000100000000)
  eden space 17408K, 0% used [0x00000000eab00000,0x00000000eab00000,0x00000000ebc00000)
  from space 2560K, 98% used [0x00000000ebc80000,0x00000000ebef9000,0x00000000ebf00000)
  to   space 4096K, 0% used [0x00000000ec000000,0x00000000ec000000,0x00000000ec400000)
 ParOldGen       total 93696K, used 66829K [0x00000000c0000000, 0x00000000c5b80000, 0x00000000eab00000)
  object space 93696K, 71% used [0x00000000c0000000,0x00000000c41437b0,0x00000000c5b80000)
 Metaspace       used 67237K, committed 68288K, reserved 1114112K
  class space    used 7124K, committed 7552K, reserved 1048576K
}
Event: 21.713 GC heap before
{Heap before GC invocations=45 (full 4):
 PSYoungGen      total 19968K, used 19940K [0x00000000eab00000, 0x00000000ec400000, 0x0000000100000000)
  eden space 17408K, 100% used [0x00000000eab00000,0x00000000ebc00000,0x00000000ebc00000)
  from space 2560K, 98% used [0x00000000ebc80000,0x00000000ebef9000,0x00000000ebf00000)
  to   space 4096K, 0% used [0x00000000ec000000,0x00000000ec000000,0x00000000ec400000)
 ParOldGen       total 93696K, used 66829K [0x00000000c0000000, 0x00000000c5b80000, 0x00000000eab00000)
  object space 93696K, 71% used [0x00000000c0000000,0x00000000c41437b0,0x00000000c5b80000)
 Metaspace       used 67356K, committed 68352K, reserved 1114112K
  class space    used 7141K, committed 7552K, reserved 1048576K
}
Event: 21.716 GC heap after
{Heap after GC invocations=45 (full 4):
 PSYoungGen      total 19968K, used 2129K [0x00000000eab00000, 0x00000000ec280000, 0x0000000100000000)
  eden space 17408K, 0% used [0x00000000eab00000,0x00000000eab00000,0x00000000ebc00000)
  from space 2560K, 83% used [0x00000000ec000000,0x00000000ec214430,0x00000000ec280000)
  to   space 3072K, 0% used [0x00000000ebc80000,0x00000000ebc80000,0x00000000ebf80000)
 ParOldGen       total 93696K, used 69326K [0x00000000c0000000, 0x00000000c5b80000, 0x00000000eab00000)
  object space 93696K, 73% used [0x00000000c0000000,0x00000000c43b3a90,0x00000000c5b80000)
 Metaspace       used 67356K, committed 68352K, reserved 1114112K
  class space    used 7141K, committed 7552K, reserved 1048576K
}
Event: 21.788 GC heap before
{Heap before GC invocations=46 (full 4):
 PSYoungGen      total 19968K, used 19537K [0x00000000eab00000, 0x00000000ec280000, 0x0000000100000000)
  eden space 17408K, 100% used [0x00000000eab00000,0x00000000ebc00000,0x00000000ebc00000)
  from space 2560K, 83% used [0x00000000ec000000,0x00000000ec214430,0x00000000ec280000)
  to   space 3072K, 0% used [0x00000000ebc80000,0x00000000ebc80000,0x00000000ebf80000)
 ParOldGen       total 93696K, used 69326K [0x00000000c0000000, 0x00000000c5b80000, 0x00000000eab00000)
  object space 93696K, 73% used [0x00000000c0000000,0x00000000c43b3a90,0x00000000c5b80000)
 Metaspace       used 67467K, committed 68544K, reserved 1114112K
  class space    used 7153K, committed 7616K, reserved 1048576K
}
Event: 21.792 GC heap after
{Heap after GC invocations=46 (full 4):
 PSYoungGen      total 20480K, used 2808K [0x00000000eab00000, 0x00000000ec200000, 0x0000000100000000)
  eden space 17408K, 0% used [0x00000000eab00000,0x00000000eab00000,0x00000000ebc00000)
  from space 3072K, 91% used [0x00000000ebc80000,0x00000000ebf3e010,0x00000000ebf80000)
  to   space 2560K, 0% used [0x00000000ebf80000,0x00000000ebf80000,0x00000000ec200000)
 ParOldGen       total 93696K, used 71264K [0x00000000c0000000, 0x00000000c5b80000, 0x00000000eab00000)
  object space 93696K, 76% used [0x00000000c0000000,0x00000000c45981d0,0x00000000c5b80000)
 Metaspace       used 67467K, committed 68544K, reserved 1114112K
  class space    used 7153K, committed 7616K, reserved 1048576K
}
Event: 21.958 GC heap before
{Heap before GC invocations=47 (full 4):
 PSYoungGen      total 20480K, used 20216K [0x00000000eab00000, 0x00000000ec200000, 0x0000000100000000)
  eden space 17408K, 100% used [0x00000000eab00000,0x00000000ebc00000,0x00000000ebc00000)
  from space 3072K, 91% used [0x00000000ebc80000,0x00000000ebf3e010,0x00000000ebf80000)
  to   space 2560K, 0% used [0x00000000ebf80000,0x00000000ebf80000,0x00000000ec200000)
 ParOldGen       total 93696K, used 71264K [0x00000000c0000000, 0x00000000c5b80000, 0x00000000eab00000)
  object space 93696K, 76% used [0x00000000c0000000,0x00000000c45981d0,0x00000000c5b80000)
 Metaspace       used 68199K, committed 69248K, reserved 1114112K
  class space    used 7206K, committed 7680K, reserved 1048576K
}
Event: 21.962 GC heap after
{Heap after GC invocations=47 (full 4):
 PSYoungGen      total 15360K, used 2550K [0x00000000eab00000, 0x00000000ecc00000, 0x0000000100000000)
  eden space 12800K, 0% used [0x00000000eab00000,0x00000000eab00000,0x00000000eb780000)
  from space 2560K, 99% used [0x00000000ebf80000,0x00000000ec1fdab0,0x00000000ec200000)
  to   space 8192K, 0% used [0x00000000eb780000,0x00000000eb780000,0x00000000ebf80000)
 ParOldGen       total 93696K, used 75668K [0x00000000c0000000, 0x00000000c5b80000, 0x00000000eab00000)
  object space 93696K, 80% used [0x00000000c0000000,0x00000000c49e50d0,0x00000000c5b80000)
 Metaspace       used 68199K, committed 69248K, reserved 1114112K
  class space    used 7206K, committed 7680K, reserved 1048576K
}
Event: 22.099 GC heap before
{Heap before GC invocations=48 (full 4):
 PSYoungGen      total 15360K, used 15297K [0x00000000eab00000, 0x00000000ecc00000, 0x0000000100000000)
  eden space 12800K, 99% used [0x00000000eab00000,0x00000000eb772a28,0x00000000eb780000)
  from space 2560K, 99% used [0x00000000ebf80000,0x00000000ec1fdab0,0x00000000ec200000)
  to   space 8192K, 0% used [0x00000000eb780000,0x00000000eb780000,0x00000000ebf80000)
 ParOldGen       total 93696K, used 75668K [0x00000000c0000000, 0x00000000c5b80000, 0x00000000eab00000)
  object space 93696K, 80% used [0x00000000c0000000,0x00000000c49e50d0,0x00000000c5b80000)
 Metaspace       used 68930K, committed 70080K, reserved 1114112K
  class space    used 7324K, committed 7808K, reserved 1048576K
}
Event: 22.102 GC heap after
{Heap after GC invocations=48 (full 4):
 PSYoungGen      total 14336K, used 1393K [0x00000000eab00000, 0x00000000ec000000, 0x0000000100000000)
  eden space 12800K, 0% used [0x00000000eab00000,0x00000000eab00000,0x00000000eb780000)
  from space 1536K, 90% used [0x00000000eb780000,0x00000000eb8dc478,0x00000000eb900000)
  to   space 3584K, 0% used [0x00000000ebc80000,0x00000000ebc80000,0x00000000ec000000)
 ParOldGen       total 93696K, used 78259K [0x00000000c0000000, 0x00000000c5b80000, 0x00000000eab00000)
  object space 93696K, 83% used [0x00000000c0000000,0x00000000c4c6ce50,0x00000000c5b80000)
 Metaspace       used 68930K, committed 70080K, reserved 1114112K
  class space    used 7324K, committed 7808K, reserved 1048576K
}
Event: 22.261 GC heap before
{Heap before GC invocations=49 (full 4):
 PSYoungGen      total 14336K, used 14193K [0x00000000eab00000, 0x00000000ec000000, 0x0000000100000000)
  eden space 12800K, 100% used [0x00000000eab00000,0x00000000eb780000,0x00000000eb780000)
  from space 1536K, 90% used [0x00000000eb780000,0x00000000eb8dc478,0x00000000eb900000)
  to   space 3584K, 0% used [0x00000000ebc80000,0x00000000ebc80000,0x00000000ec000000)
 ParOldGen       total 93696K, used 78259K [0x00000000c0000000, 0x00000000c5b80000, 0x00000000eab00000)
  object space 93696K, 83% used [0x00000000c0000000,0x00000000c4c6ce50,0x00000000c5b80000)
 Metaspace       used 69744K, committed 70912K, reserved 1114112K
  class space    used 7421K, committed 7936K, reserved 1048576K
}
Event: 22.263 GC heap after
{Heap after GC invocations=49 (full 4):
 PSYoungGen      total 16384K, used 3181K [0x00000000eab00000, 0x00000000ec000000, 0x0000000100000000)
  eden space 12800K, 0% used [0x00000000eab00000,0x00000000eab00000,0x00000000eb780000)
  from space 3584K, 88% used [0x00000000ebc80000,0x00000000ebf9b400,0x00000000ec000000)
  to   space 3584K, 0% used [0x00000000eb900000,0x00000000eb900000,0x00000000ebc80000)
 ParOldGen       total 93696K, used 78267K [0x00000000c0000000, 0x00000000c5b80000, 0x00000000eab00000)
  object space 93696K, 83% used [0x00000000c0000000,0x00000000c4c6ee50,0x00000000c5b80000)
 Metaspace       used 69744K, committed 70912K, reserved 1114112K
  class space    used 7421K, committed 7936K, reserved 1048576K
}
Event: 22.451 GC heap before
{Heap before GC invocations=50 (full 4):
 PSYoungGen      total 16384K, used 15981K [0x00000000eab00000, 0x00000000ec000000, 0x0000000100000000)
  eden space 12800K, 100% used [0x00000000eab00000,0x00000000eb780000,0x00000000eb780000)
  from space 3584K, 88% used [0x00000000ebc80000,0x00000000ebf9b400,0x00000000ec000000)
  to   space 3584K, 0% used [0x00000000eb900000,0x00000000eb900000,0x00000000ebc80000)
 ParOldGen       total 93696K, used 78267K [0x00000000c0000000, 0x00000000c5b80000, 0x00000000eab00000)
  object space 93696K, 83% used [0x00000000c0000000,0x00000000c4c6ee50,0x00000000c5b80000)
 Metaspace       used 70108K, committed 71232K, reserved 1114112K
  class space    used 7448K, committed 7936K, reserved 1048576K
}
Event: 22.455 GC heap after
{Heap after GC invocations=50 (full 4):
 PSYoungGen      total 16384K, used 3569K [0x00000000eab00000, 0x00000000ec480000, 0x0000000100000000)
  eden space 12800K, 0% used [0x00000000eab00000,0x00000000eab00000,0x00000000eb780000)
  from space 3584K, 99% used [0x00000000eb900000,0x00000000ebc7c678,0x00000000ebc80000)
  to   space 6656K, 0% used [0x00000000ebe00000,0x00000000ebe00000,0x00000000ec480000)
 ParOldGen       total 93696K, used 80637K [0x00000000c0000000, 0x00000000c5b80000, 0x00000000eab00000)
  object space 93696K, 86% used [0x00000000c0000000,0x00000000c4ebf7a0,0x00000000c5b80000)
 Metaspace       used 70108K, committed 71232K, reserved 1114112K
  class space    used 7448K, committed 7936K, reserved 1048576K
}
Event: 22.802 GC heap before
{Heap before GC invocations=51 (full 4):
 PSYoungGen      total 16384K, used 16369K [0x00000000eab00000, 0x00000000ec480000, 0x0000000100000000)
  eden space 12800K, 100% used [0x00000000eab00000,0x00000000eb780000,0x00000000eb780000)
  from space 3584K, 99% used [0x00000000eb900000,0x00000000ebc7c678,0x00000000ebc80000)
  to   space 6656K, 0% used [0x00000000ebe00000,0x00000000ebe00000,0x00000000ec480000)
 ParOldGen       total 93696K, used 80637K [0x00000000c0000000, 0x00000000c5b80000, 0x00000000eab00000)
  object space 93696K, 86% used [0x00000000c0000000,0x00000000c4ebf7a0,0x00000000c5b80000)
 Metaspace       used 71047K, committed 72256K, reserved 1114112K
  class space    used 7537K, committed 8064K, reserved 1048576K
}
Event: 22.806 GC heap after
{Heap after GC invocations=51 (full 4):
 PSYoungGen      total 16384K, used 3523K [0x00000000eab00000, 0x00000000ec180000, 0x0000000100000000)
  eden space 12800K, 0% used [0x00000000eab00000,0x00000000eab00000,0x00000000eb780000)
  from space 3584K, 98% used [0x00000000ebe00000,0x00000000ec170d00,0x00000000ec180000)
  to   space 4608K, 0% used [0x00000000eb880000,0x00000000eb880000,0x00000000ebd00000)
 ParOldGen       total 93696K, used 82359K [0x00000000c0000000, 0x00000000c5b80000, 0x00000000eab00000)
  object space 93696K, 87% used [0x00000000c0000000,0x00000000c506dd28,0x00000000c5b80000)
 Metaspace       used 71047K, committed 72256K, reserved 1114112K
  class space    used 7537K, committed 8064K, reserved 1048576K
}

